<?xml version="1.0" encoding="UTF-8" ?>
<testsuite failures="0" time="7.811" errors="0" skipped="0" tests="13" name="com.calc.CalculatorRunnerTest">
  <properties>
    <property name="java.runtime.name" value="Java(TM) SE Runtime Environment"/>
    <property name="sun.boot.library.path" value="C:\Program Files\Java\jdk1.6.0_27\jre\bin"/>
    <property name="java.vm.version" value="20.2-b06"/>
    <property name="java.vm.vendor" value="Sun Microsystems Inc."/>
    <property name="java.vendor.url" value="http://java.sun.com/"/>
    <property name="path.separator" value=";"/>
    <property name="guice.disable.misplaced.annotation.check" value="true"/>
    <property name="java.vm.name" value="Java HotSpot(TM) 64-Bit Server VM"/>
    <property name="file.encoding.pkg" value="sun.io"/>
    <property name="user.country" value="GB"/>
    <property name="sun.java.launcher" value="SUN_STANDARD"/>
    <property name="sun.os.patch.level" value="Service Pack 1"/>
    <property name="java.vm.specification.name" value="Java Virtual Machine Specification"/>
    <property name="user.dir" value="C:\Users\caleb.carwalho\Pension-Delay-Calculator"/>
    <property name="java.runtime.version" value="1.6.0_27-b07"/>
    <property name="java.awt.graphicsenv" value="sun.awt.Win32GraphicsEnvironment"/>
    <property name="java.endorsed.dirs" value="C:\Program Files\Java\jdk1.6.0_27\jre\lib\endorsed"/>
    <property name="os.arch" value="amd64"/>
    <property name="java.io.tmpdir" value="C:\Users\CALEB~1.CAR\AppData\Local\Temp\"/>
    <property name="line.separator" value="
"/>
    <property name="java.vm.specification.vendor" value="Sun Microsystems Inc."/>
    <property name="user.variant" value=""/>
    <property name="os.name" value="Windows 7"/>
    <property name="classworlds.conf" value="C:\Maven\bin\..\bin\m2.conf"/>
    <property name="sun.jnu.encoding" value="Cp1252"/>
    <property name="java.library.path" value="C:\Program Files\Java\jdk1.6.0_27\bin;C:\Windows\Sun\Java\bin;C:\Windows\system32;C:\Windows;C:\Program Files (x86)\Windows Resource Kits\Tools\;C:\app\Caleb.Carwalho\product\11.2.0\client_2;C:\app\Caleb.Carwalho\product\11.2.0\client_2\bin;C:\app\Caleb.Carwalho\product\12.1.0\client_1;C:\app\Caleb.Carwalho\product\12.1.0\client_1\bin;C:\Oracle\11.2.0\client_1;C:\Program Files\Java\jdk1.6.0_27\bin;C:\Program Files\Java\jdk1.6.0_27;C:\Windows\system32;C:\Windows;C:\Program Files (x86)\Microsoft F#\v4.0\;C:\Program Files (x86)\Microsoft Visual Studio 10.0\VSTSDB\Deploy;C:\Program Files (x86)\Microsoft Visual Studio 10.0\Common7\IDE\;C:\Program Files (x86)\Microsoft Visual Studio 10.0\VC\BIN;C:\Program Files (x86)\Microsoft Visual Studio 10.0\Common7\Tools;C:\Windows\Microsoft.NET\Framework\v4.0.30319;C:\Windows\Microsoft.NET\Framework\v3.5;C:\Program Files (x86)\Microsoft Visual Studio 10.0\VC\VCPackages;C:\Program Files (x86)\HTML Help Workshop;C:\Program Files (x86)\Microsoft Visual Studio 10.0\Team Tools\Performance Tools;c:\Program Files (x86)\Microsoft SDKs\Windows\v7.0A\bin\NETFX 4.0 Tools;c:\Program Files (x86)\Microsoft SDKs\Windows\v7.0A\bin;C:\Program Files (x86)\Microsoft F#\v4.0\;C:\Program Files (x86)\Microsoft Visual Studio 10.0\VSTSDB\Deploy;C:\Program Files (x86)\Microsoft Visual Studio 10.0\Common7\IDE\;C:\Program Files (x86)\Microsoft Visual Studio 10.0\VC\BIN;C:\Program Files (x86)\Microsoft Visual Studio 10.0\Common7\Tools;C:\Windows\Microsoft.NET\;C:\Windows\System32\WindowsPowerShell\v1.0\;C:\Program Files (x86)\Git\cmd;c:\Program Files\Microsoft SQL Server\100\Tools\Binn\;c:\Program Files\Microsoft SQL Server\100\DTS\Binn\;C:\Windows\Microsoft.NET\Framework64\v4.0.30319;C:\Program Files (x86)\StyleCop 4.7;C:\Ruby187\bin;C:\Maven\bin;C:\Program Files (x86)\Microsoft Fxcop 10.0;C:\Program Files (x86)\scala\\bin;c:\dev\tests\target;C:\Program Files (x86)\Git\cmd;C:\Ant\apache-ant-1.9.3\bin;."/>
    <property name="java.specification.name" value="Java Platform API Specification"/>
    <property name="java.class.version" value="50.0"/>
    <property name="sun.management.compiler" value="HotSpot 64-Bit Tiered Compilers"/>
    <property name="os.version" value="6.1"/>
    <property name="user.home" value="C:\Users\caleb.carwalho"/>
    <property name="user.timezone" value="Europe/London"/>
    <property name="java.awt.printerjob" value="sun.awt.windows.WPrinterJob"/>
    <property name="file.encoding" value="Cp1252"/>
    <property name="java.specification.version" value="1.6"/>
    <property name="user.name" value="Caleb.Carwalho"/>
    <property name="java.class.path" value="C:\Maven\bin\..\boot\plexus-classworlds-2.4.jar"/>
    <property name="java.vm.specification.version" value="1.0"/>
    <property name="sun.arch.data.model" value="64"/>
    <property name="java.home" value="C:\Program Files\Java\jdk1.6.0_27\jre"/>
    <property name="sun.java.command" value="org.codehaus.plexus.classworlds.launcher.Launcher clean install"/>
    <property name="java.specification.vendor" value="Sun Microsystems Inc."/>
    <property name="user.language" value="en"/>
    <property name="awt.toolkit" value="sun.awt.windows.WToolkit"/>
    <property name="java.vm.info" value="mixed mode"/>
    <property name="java.version" value="1.6.0_27"/>
    <property name="java.ext.dirs" value="C:\Program Files\Java\jdk1.6.0_27\jre\lib\ext;C:\Windows\Sun\Java\lib\ext"/>
    <property name="sun.boot.class.path" value="C:\Program Files\Java\jdk1.6.0_27\jre\lib\resources.jar;C:\Program Files\Java\jdk1.6.0_27\jre\lib\rt.jar;C:\Program Files\Java\jdk1.6.0_27\jre\lib\sunrsasign.jar;C:\Program Files\Java\jdk1.6.0_27\jre\lib\jsse.jar;C:\Program Files\Java\jdk1.6.0_27\jre\lib\jce.jar;C:\Program Files\Java\jdk1.6.0_27\jre\lib\charsets.jar;C:\Program Files\Java\jdk1.6.0_27\jre\lib\modules\jdk.boot.jar;C:\Program Files\Java\jdk1.6.0_27\jre\classes"/>
    <property name="java.vendor" value="Sun Microsystems Inc."/>
    <property name="maven.home" value="C:\Maven\bin\.."/>
    <property name="file.separator" value="\"/>
    <property name="java.vendor.url.bug" value="http://java.sun.com/cgi-bin/bugreport.cgi"/>
    <property name="sun.cpu.endian" value="little"/>
    <property name="sun.io.unicode.encoding" value="UnicodeLittle"/>
    <property name="sun.desktop" value="windows"/>
    <property name="sun.cpu.isalist" value="amd64"/>
  </properties>
  <testcase time="0" classname="Scenario: Calculate the cost of delaying starting a pension" name="Given That I click on pension delay calculator link"/>
  <testcase time="0" classname="Scenario: Calculate the cost of delaying starting a pension" name="Given I was born in the year 1980"/>
  <testcase time="0" classname="Scenario: Calculate the cost of delaying starting a pension" name="And My retirement age is 70"/>
  <testcase time="0" classname="Scenario: Calculate the cost of delaying starting a pension" name="And My Annual salary before tax is 50000"/>
  <testcase time="0" classname="Scenario: Calculate the cost of delaying starting a pension" name="And My gross pension contribution is 100  a &lt;selection&gt;:"/>
  <testcase time="0" classname="Scenario: Calculate the cost of delaying starting a pension" name="Then Tax relief from the taxman will be 40"/>
  <testcase time="0" classname="Scenario: Calculate the cost of delaying starting a pension" name="And My contribution will be 60"/>
  <testcase time="0" classname="Scenario: Calculate the cost of delaying starting a pension" name="When I delay starting my pension by 4 years"/>
  <testcase time="0" classname="Scenario: Calculate the cost of delaying starting a pension" name="Then My total pension pot could be 23"/>
  <testcase time="0" classname="Scenario: Calculate the cost of delaying starting a pension" name="And Annual pension in real terms"/>
  <testcase time="0" classname="Scenario: Calculate the cost of delaying starting a pension" name="And My total delayed pension pot could be"/>
  <testcase time="0" classname="Scenario: Calculate the cost of delaying starting a pension" name="And Delayed annual pension in real terms"/>
  <testcase time="0.154" classname="Scenario: Calculate the cost of delaying starting a pension" name="Scenario: Calculate the cost of delaying starting a pension"/>
</testsuite>